<?xml version="1.0" encoding="UTF-8"?>
<testng-results ignored="0" total="2" passed="2" failed="0" skipped="0">
  <reporter-output>
  </reporter-output>
  <suite started-at="2024-12-16T18:00:35 IST" name="Default suite" finished-at="2024-12-16T18:01:04 IST" duration-ms="29297">
    <groups>
    </groups>
    <test started-at="2024-12-16T18:00:35 IST" name="Default test" finished-at="2024-12-16T18:01:04 IST" duration-ms="29297">
      <class name="com.hyr.Test.FirstTest">
        <test-method is-config="true" signature="setup()[pri:0, instance:com.hyr.Test.FirstTest@6ae5aa72]" started-at="2024-12-16T18:00:35 IST" name="setup" finished-at="2024-12-16T18:00:37 IST" duration-ms="1702" status="PASS">
          <reporter-output>
          </reporter-output>
        </test-method> <!-- setup -->
        <test-method signature="TestGoogle()[pri:0, instance:com.hyr.Test.FirstTest@6ae5aa72]" started-at="2024-12-16T18:00:37 IST" name="TestGoogle" finished-at="2024-12-16T18:00:49 IST" duration-ms="11946" status="PASS">
          <reporter-output>
          </reporter-output>
        </test-method> <!-- TestGoogle -->
        <test-method is-config="true" signature="teardown()[pri:0, instance:com.hyr.Test.FirstTest@6ae5aa72]" started-at="2024-12-16T18:00:49 IST" name="teardown" finished-at="2024-12-16T18:00:49 IST" duration-ms="83" status="PASS">
          <reporter-output>
          </reporter-output>
        </test-method> <!-- teardown -->
        <test-method is-config="true" signature="setup()[pri:0, instance:com.hyr.Test.FirstTest@6ae5aa72]" started-at="2024-12-16T18:00:49 IST" name="setup" finished-at="2024-12-16T18:00:49 IST" duration-ms="612" status="PASS">
          <reporter-output>
          </reporter-output>
        </test-method> <!-- setup -->
        <test-method signature="TestYouTube()[pri:0, instance:com.hyr.Test.FirstTest@6ae5aa72]" started-at="2024-12-16T18:00:49 IST" name="TestYouTube" finished-at="2024-12-16T18:01:04 IST" duration-ms="14843" status="PASS">
          <reporter-output>
          </reporter-output>
        </test-method> <!-- TestYouTube -->
        <test-method is-config="true" signature="teardown()[pri:0, instance:com.hyr.Test.FirstTest@6ae5aa72]" started-at="2024-12-16T18:01:04 IST" name="teardown" finished-at="2024-12-16T18:01:04 IST" duration-ms="85" status="PASS">
          <reporter-output>
          </reporter-output>
        </test-method> <!-- teardown -->
      </class> <!-- com.hyr.Test.FirstTest -->
    </test> <!-- Default test -->
  </suite> <!-- Default suite -->
</testng-results>
